building_id, mean_temp, std_temp, pct_above_18, pct_below_15
10000, 14.01309122344052, 6.367464135418968, 30.944631297240605, 55.5260207587429
10009, 11.000222287743144, 5.811129631204464, 16.6712734948236, 74.9723590310584
10014, 14.744533231124421, 7.0375255771882985, 38.26367541377415, 52.80837116508215
10019, 14.735854091157831, 7.030137358275138, 38.150171412294895, 52.92723370057273
10029, 10.616114323778131, 6.317274294547088, 18.25563221896085, 74.51301795448481
10031, 12.50798564383147, 6.2782577321486635, 24.04914120731815, 66.39218690157028
10051, 13.289463066934816, 5.9990610690822015, 25.97693550756574, 62.85625091817247
10053, 11.36670662107952, 6.261159275392184, 19.9510754583921, 72.41052538787024
10056, 14.220175763226898, 6.179458577529563, 31.763454814173965, 57.06174975667784
10064, 12.717852832542773, 6.964230948402326, 28.796234159056205, 62.7520205409506
10075, 15.157802293923627, 6.440631319040621, 39.12971468951506, 47.451638547831465
10079, 15.094874420144844, 7.313760912574748, 41.90291825969123, 49.44586942844698
10080, 15.77803006799254, 7.280491249774024, 46.36674471691274, 44.71005476580028
10082, 16.466236857108804, 6.713124626033657, 48.64539376985444, 40.55853207529278
10083, 15.639272723013939, 7.1208067617031805, 44.855518923515284, 45.886354482120744
10084, 15.100944979152008, 7.150457763596357, 40.90648998644782, 50.266526125583496
10085, 15.869005800655252, 7.192736728860784, 46.18303917834116, 44.72425614762771
10086, 14.39189426288261, 7.215508979457999, 37.258579023682934, 53.01304978250363
10087, 15.073318779161273, 7.275468626032554, 41.532405798190645, 49.89713190601896
10089, 13.990209322767992, 7.276078136974222, 35.45955760665008, 56.36117757203787
10090, 14.290042052724447, 6.618876682256048, 36.62647808949687, 51.19638302805471
10093, 14.095616651931484, 6.567269967333956, 33.37738587863163, 56.455142231947484
10094, 14.19433997016749, 6.761396577476437, 35.37678542111312, 54.92584687790729
10097, 14.353387189437996, 6.862503175639661, 37.79783275670736, 51.308832169201644
10117, 15.46575388948043, 6.682240357898946, 44.11904941152852, 44.470375668147256
10119, 14.087852277760511, 6.751748081199085, 35.080178957422206, 54.69763233298145
10120, 15.281957676269705, 8.03150308122156, 46.168775716171105, 47.71627461636002
10124, 13.8656844546921, 7.032469677713955, 34.5643361911253, 56.06951967571834
10126, 13.395584563495937, 6.63675603492077, 29.66113660430639, 61.092481468408046
10128, 17.427019347638517, 6.706389770985776, 56.035537585784965, 34.87790604883758
10136, 15.423746658098208, 7.273081720236688, 44.31174429295975, 46.89016975293384
10144, 12.107646888141861, 6.127303775130511, 21.81051363157102, 68.90219410553799
10145, 10.649423781638076, 5.892548915753833, 16.562272626617318, 75.2949922495334
10150, 14.96025881885137, 7.495415113873166, 41.1976336628155, 50.739016746100916
10161, 13.448830739585823, 7.030510749572535, 31.811469984215616, 59.47317503691508
10165, 13.053377566151164, 6.732508663082307, 29.06502057613169, 62.05925925925926
10167, 13.231595163552168, 6.814803113671339, 30.187672922430746, 60.85369512317077
10168, 13.192446156773885, 6.901053249357885, 30.322269682716442, 60.489969584656045
10174, 16.57610647468968, 6.973576420489245, 49.408828074198894, 41.378538815978075
10176, 16.651062757668527, 6.85746090481801, 49.76493170501015, 40.733579992767126
10177, 16.618934925322552, 6.787237869118451, 49.091724451821904, 40.96744397740355
10180, 16.484905678378677, 6.869406472768405, 48.18851233413204, 42.14625784373221
10182, 16.734533888383574, 6.3195559002852315, 50.862617549317676, 37.53329090951944
10198, 14.428741806876822, 7.342151743435715, 38.63040889241763, 53.21556173084557
10199, 17.24142394255889, 6.97705427360483, 53.889583871117196, 37.6733318771801
10200, 12.82307904072506, 7.258803367272248, 30.670984230632847, 61.66377862672028
10201, 15.950010377119431, 7.272088895327976, 47.05686817663353, 44.64787355385367
10202, 13.546057127679969, 7.495534561026285, 34.0404662968633, 58.643656679324806
10203, 16.804125513305642, 6.612318772307278, 51.21873506452127, 38.88734002442781
10204, 14.764885497736014, 7.0639121553955775, 39.036171796098444, 51.73018657311433
10205, 11.445936272382012, 6.6667578935458485, 23.171405828505726, 69.3892893468359
10206, 10.123072747821391, 6.362946432268152, 17.546260751521626, 76.32161653926183
10207, 11.38357035000431, 6.61463632499928, 22.64692568425469, 69.82544466894107
10208, 9.476343672090206, 5.5424027575269905, 11.935778252454446, 82.34503645316245
1021, 16.74906441614892, 6.379801799544917, 48.79260064869443, 39.59345915823717
10215, 15.466960450162322, 7.149607080711947, 44.25353739532197, 46.60080029701745
10219, 14.15664091120201, 7.303112620489155, 37.30760536752769, 54.16640979799848
1022, 17.772575167769425, 6.2215351442277935, 57.556159706048824, 31.853061527469773
1023, 18.974803852653622, 5.845224745214581, 65.20798246191771, 25.13007724659635
1024, 18.291410079263358, 5.931211941686281, 60.49427466726151, 28.96033162316901
10243, 16.61049445667527, 6.202475110147249, 48.99322970740053, 38.13005395762353
10244, 15.56953287486736, 6.620995217453845, 44.09914743933703, 43.51189411554284
10245, 16.654521791699157, 6.2109313390205045, 49.19584690553746, 37.89407864122848
10247, 15.606348836253577, 6.6190348517294355, 44.63278535653586, 43.11970761201438
10249, 16.122380606713627, 6.232280099350947, 45.99346559331739, 40.449324665701106
1025, 17.52398952267118, 6.333014760822554, 56.016945207392574, 33.87365578883665
10251, 12.176124760682692, 7.589548096897043, 29.171162984419073, 65.16536983396755
10252, 11.992971038039295, 7.614551558038918, 27.49379605955783, 67.02981651376146
10255, 11.925485388485, 7.226434817774795, 25.799709616860717, 67.96907512045351
10257, 15.235712843456492, 7.29361680990181, 40.737185369227944, 51.25146463006621
10259, 12.644271319253878, 7.6285662162734615, 30.44855506995968, 63.863197479418645
1026, 18.54692836841743, 5.7141606459673095, 61.95563012677107, 26.826994780014914
10260, 13.663519814570943, 7.209795311140336, 33.649696546675635, 58.16259650496676
10262, 14.71591473127138, 7.44536712027849, 39.05868275415067, 53.17345565139353
10263, 16.738680791888093, 7.074241844604523, 49.39656870722661, 41.793933995151995
10265, 15.084973368354161, 7.165996783526912, 40.79404203440142, 50.56452254114654
10267, 16.265450284303302, 7.476150288789191, 48.96825299052641, 43.157207445825584
10268, 16.935718942629144, 6.978293014619875, 51.358855384769306, 39.75386770389085
10269, 18.60141590777277, 6.789202286734915, 61.873374523537585, 30.434423635287803
1027, 14.656813311439873, 6.669241441234061, 35.63147498353906, 52.636667472349785
10276, 13.208256265801632, 6.971580205960712, 30.488901407230063, 61.729625496972126
10277, 13.538438726680507, 7.044490081544118, 32.54513728143585, 59.473190650855265
10279, 13.92556042557759, 7.008368217727849, 36.14150255288111, 55.00052099614463
10281, 13.017837136413304, 6.874172133270348, 31.270833333333332, 60.02395833333334
10282, 14.265378395624978, 6.788413772056328, 37.69666238321815, 51.45347827596986
10285, 13.978145634646161, 7.041006563068349, 35.409403063919704, 56.59799260433175
10288, 14.539242925906416, 6.821284949751904, 36.32130690412617, 53.66646059952386
10291, 12.2247080397558, 6.73732564976582, 25.17103663830526, 66.22909069861666
10292, 11.18094198804901, 6.445039164154946, 20.076853630871085, 72.58385610778028
10303, 17.625111008387147, 6.581119725902458, 55.60227756143853, 34.54955986779672

------------------------------------------------------------
Sender: LSF System <lsfadmin@hpc.dtu.dk>
Subject: Job 28194719: <cupy_fixed> in cluster <dcc> Done

Job <cupy_fixed> was submitted from host <hpclogin1> by user <s253154> in cluster <dcc> at Mon Apr 13 10:42:46 2026
Job was executed on host(s) <4*n-62-20-2>, in queue <gpuv100>, as user <s253154> in cluster <dcc> at Mon Apr 13 10:44:26 2026
</zhome/32/a/223527> was used as the home directory.
</zhome/32/a/223527/PythonHPC/Project> was used as the working directory.
Started at Mon Apr 13 10:44:26 2026
Terminated at Mon Apr 13 10:48:04 2026
Results reported at Mon Apr 13 10:48:04 2026

Your job looked like:

------------------------------------------------------------
# LSBATCH: User input
#!/bin/bash
#BSUB -q gpuv100
#BSUB -J cupy_fixed
#BSUB -n 4
#BSUB -W 00:30
#BSUB -gpu "num=1:mode=exclusive_process"
#BSUB -R "rusage[mem=16GB]"
#BSUB -R "span[hosts=1]"
#BSUB -o cupy_fixed.out
#BSUB -e cupy_fixed.err

source /dtu/projects/02613_2025/conda/conda_init.sh
conda activate cupy_env

module swap cuda cuda/12.6

time python cupy_simulate_fixed.py 90

------------------------------------------------------------

Successfully completed.

Resource usage summary:

    CPU time :                                   214.80 sec.
    Max Memory :                                 185 MB
    Average Memory :                             184.75 MB
    Total Requested Memory :                     65536.00 MB
    Delta Memory :                               65351.00 MB
    Max Swap :                                   -
    Max Processes :                              4
    Max Threads :                                9
    Run time :                                   218 sec.
    Turnaround time :                            318 sec.

The output (if any) is above this job summary.



PS:

Read file <cupy_fixed.err> for stderr output of this job.

