Thu Apr  9 20:46:15 2026       
+-----------------------------------------------------------------------------------------+
| NVIDIA-SMI 580.126.20             Driver Version: 580.126.20     CUDA Version: 13.0     |
+-----------------------------------------+------------------------+----------------------+
| GPU  Name                 Persistence-M | Bus-Id          Disp.A | Volatile Uncorr. ECC |
| Fan  Temp   Perf          Pwr:Usage/Cap |           Memory-Usage | GPU-Util  Compute M. |
|                                         |                        |               MIG M. |
|=========================================+========================+======================|
|   0  Tesla V100-PCIE-16GB           On  |   00000000:37:00.0 Off |                    0 |
| N/A   35C    P0             25W /  250W |       0MiB /  16384MiB |      0%   E. Process |
|                                         |                        |                  N/A |
+-----------------------------------------+------------------------+----------------------+

+-----------------------------------------------------------------------------------------+
| Processes:                                                                              |
|  GPU   GI   CI              PID   Type   Process name                        GPU Memory |
|        ID   ID                                                               Usage      |
|=========================================================================================|
|  No running processes found                                                             |
+-----------------------------------------------------------------------------------------+
building_id, mean_temp, std_temp, pct_above_18, pct_below_15
10000, 14.016701434535019, 6.367649262232614, 30.966330331633575, 55.47538967849264
10009, 11.01028048638153, 5.80928699600336, 16.69765805608604, 74.93466680068349
10014, 14.76009423643455, 7.028290843423581, 38.297265935139755, 52.74831538445879
10019, 14.75219175313747, 7.020491283113654, 38.191880041912086, 52.886542354604735
10029, 10.622508188742058, 6.312460561811111, 18.25563221896085, 74.51301795448481

Elapsed time: 5.227570 s
Thu Apr  9 20:46:41 2026       
+-----------------------------------------------------------------------------------------+
| NVIDIA-SMI 580.126.20             Driver Version: 580.126.20     CUDA Version: 13.0     |
+-----------------------------------------+------------------------+----------------------+
| GPU  Name                 Persistence-M | Bus-Id          Disp.A | Volatile Uncorr. ECC |
| Fan  Temp   Perf          Pwr:Usage/Cap |           Memory-Usage | GPU-Util  Compute M. |
|                                         |                        |               MIG M. |
|=========================================+========================+======================|
|   0  Tesla V100-PCIE-16GB           On  |   00000000:37:00.0 Off |                    0 |
| N/A   35C    P0             25W /  250W |       0MiB /  16384MiB |      0%   E. Process |
|                                         |                        |                  N/A |
+-----------------------------------------+------------------------+----------------------+

+-----------------------------------------------------------------------------------------+
| Processes:                                                                              |
|  GPU   GI   CI              PID   Type   Process name                        GPU Memory |
|        ID   ID                                                               Usage      |
|=========================================================================================|
|  No running processes found                                                             |
+-----------------------------------------------------------------------------------------+
building_id, mean_temp, std_temp, pct_above_18, pct_below_15
10000, 14.016701434535019, 6.367649262232614, 30.966330331633575, 55.47538967849264
10009, 11.01028048638153, 5.80928699600336, 16.69765805608604, 74.93466680068349
10014, 14.76009423643455, 7.028290843423581, 38.297265935139755, 52.74831538445879
10019, 14.75219175313747, 7.020491283113654, 38.191880041912086, 52.886542354604735
10029, 10.622508188742058, 6.312460561811111, 18.25563221896085, 74.51301795448481

Elapsed time: 5.272122 s
